{"config":{"lang":["en"],"separator":"[\\s\\-]+","pipeline":["stopWordFilter"],"fields":{"title":{"boost":1000.0},"text":{"boost":1.0},"tags":{"boost":1000000.0}}},"docs":[{"location":"","title":"Wolfi OpenSSL FIPS Dashboard","text":"<p>A High-Assurance, Cryptographically Hardened Foundation for Cloud-Native Workloads</p>"},{"location":"#executive-overview","title":"Executive Overview","text":"<p>Welcome to the Wolfi OpenSSL FIPS portal. This repository maintains a production-hardened, FIPS 140-3 compliant OpenSSL <code>3.5.5</code> container ecosystem. Architected exclusively on Wolfi OS (the undisdistro), this project eliminates legacy OS overhead, completely eradicates scanner noise, and ensures a microscopically small attack surface. </p> <p>This image is specifically engineered for Enterprise, FedRAMP, and DoD IL5/IL6 environments where regulatory compliance and absolute cryptographic integrity are non-negotiable.</p> <p>Continuous Compliance State</p> <p>The metrics and attestations displayed on this portal are not static. They are dynamically generated from our automated test suites. This documentation reflects the state of the codebase as of 2026-02-24 from Commit <code>41f390e</code>.</p>"},{"location":"#core-architectural-pillars","title":"Core Architectural Pillars","text":"<p>Our implementation does not just \"add a FIPS flag\"; it fundamentally restructures how the cryptographic boundary is enforced.</p> <ul> <li> Strict Cryptographic Boundaries: The FIPS provider <code>3.1.2</code> is statically linked and verified via MAC (Message Authentication Code) upon every initialization (Power-On Self-Test).</li> <li> Zero-CVE Baseline: Built entirely from source on Wolfi OS. We use a custom, hermetic Python engine (<code>wolfi-pkg-updater</code>) to track upstream GLIBC and ZLIB vulnerabilities autonomously.</li> <li> SLSA Level 3 Provenance: Every deployment artifact is cryptographically signed using Sigstore/Cosign. Attackers cannot inject malicious binaries into this supply chain.</li> <li> Negligible Performance Tax: Optimized assembly pathways ensure that utilizing the FIPS provider incurs near-zero latency overhead compared to the standard OpenSSL engine.</li> </ul>"},{"location":"#deployment-artifacts-quick-start","title":"Deployment Artifacts &amp; Quick Start","text":"<p>We compile and attest three distinct image variants, designed to cater to different stages of your Software Development Life Cycle (SDLC). </p> <p>Choose the variant that best fits your operational requirements:</p>  Distroless (Production) Standard (CI/CD Debug) Development (SDK) <p>The Ultimate Hardened Target: Contains no shell (<code>/bin/sh</code> is missing), no package manager, and no unnecessary OS libraries. This is the pure cryptographic engine intended for production microservices.</p> <pre><code># Pull the production-ready, attested distroless image\ndocker pull ghcr.io/taha2samy/wolfi-openssl-fips:3.5.5-distroless@sha256:be6c52e84937d417acbc64a325dc87b637775f39707d52086aa1244000d2b6d9\n</code></pre> <ul> <li> Provenance: View SLSA L3 Attestation</li> <li> SBOM: Download CycloneDX JSON</li> </ul> <p>Optimized for Observability: Includes standard POSIX utilities and a <code>/bin/bash</code> shell. Intended for local debugging, pipeline execution, or environments where interactive inspection of the cryptographic state is required.</p> <pre><code># Pull the standard debug environment\ndocker pull ghcr.io/taha2samy/wolfi-openssl-fips:3.5.5@sha256:7631454bfcc26282feff2126d195e6e9c5e2101c4cf578977f4df7e5aff4cee5\n</code></pre> <ul> <li> Provenance: View SLSA L3 Attestation</li> <li> SBOM: Download CycloneDX JSON</li> </ul> <p>The Builder's Foundation: Shipped with <code>build-base</code>, <code>linux-headers</code>, and <code>pkgconf</code>. Use this image as a multi-stage builder to compile your C/C++ or Rust applications against the validated FIPS module.</p> <pre><code># Pull the development and compilation toolkit\ndocker pull ghcr.io/taha2samy/wolfi-openssl-fips:3.5.5-dev@sha256:80585080e24a64080c83a3af6108279e8ef2b6aa83deb1bd04446fb293bdfbd3\n</code></pre> <ul> <li> Provenance: View SLSA L3 Attestation</li> <li> SBOM: Download CycloneDX JSON</li> </ul>"},{"location":"#cryptographic-verification-protocol","title":"Cryptographic Verification Protocol","text":"<p>Trust is good, but mathematical verification is better. Before deploying these images to your infrastructure, we strongly recommend verifying the OIDC identity and cryptographic signature of the artifact using Cosign.</p> <pre><code># Verify the integrity and source identity of the FIPS image\ncosign verify \\\n  --certificate-identity-regexp \"^https://github.com/taha2samy/.*\" \\\n  --certificate-oidc-issuer \"https://token.actions.githubusercontent.com\" \\\n  ghcr.io/taha2samy/wolfi-openssl-fips:3.5.5\n</code></pre>"},{"location":"OPERATIONS/","title":"Macro Syntax Error","text":"<p>File: <code>OPERATIONS.md</code></p> <p>Line 175 in Markdown file: unexpected '.' <pre><code>SAFE_NAME: '{{.IMG_SAFE | replace \"/\" \"_\" | replace \":\" \"_\" | replace \".\" \"_\"}}'\n</code></pre></p>"},{"location":"TEST_RESULTS/","title":"\ud83d\udee1\ufe0f FIPS Compliance Audit Report","text":"<p>Generated on: 2026-02-24 10:07:21 UTC Status: </p>"},{"location":"TEST_RESULTS/#table-of-contents","title":"\ud83d\udccb Table of Contents","text":"<ol> <li>Executive Summary</li> <li>Build Configuration</li> <li>Supply Chain &amp; Packages</li> <li>Test Results Detail</li> </ol>"},{"location":"TEST_RESULTS/#executive-summary","title":"\ud83d\udcca Executive Summary","text":"Metric Count Status Total Tests <code>92</code> \ud83d\udd0d Scoped Passed <code>86</code> \u2705 Passing Failed <code>6</code> \u274c Critical Broken <code>0</code> \u26a0\ufe0f Error"},{"location":"TEST_RESULTS/#build-configuration","title":"\ud83c\udfd7\ufe0f Build Configuration","text":""},{"location":"TEST_RESULTS/#core-artifact-specs","title":"Core Artifact Specs","text":"Parameter Configuration FIPS Module <code>3.1.2</code> OpenSSL Core <code>3.5.5</code> Image Tag <code>ghcr.io/taha2samy/wolfi-openssl-fips</code>"},{"location":"TEST_RESULTS/#2-target-artifacts-outputs","title":"2. Target Artifacts (Outputs)","text":"Variant Full Image Reference Standard <code>ghcr.io/taha2samy/wolfi-openssl-fips:3.5.5</code> Distroless <code>ghcr.io/taha2samy/wolfi-openssl-fips:3.5.5-distroless</code>"},{"location":"TEST_RESULTS/#3-base-image-provenance-inputs","title":"3. Base Image Provenance (Inputs)","text":"Used For Source Image Digest Standard Build <code>cgr.dev/chainguard/wolfi-base@sha256:9925d3017788558fa8f27e8bb160b791e56202b60c91fbcc5c867de3175986c8</code> Distroless Build <code>cgr.dev/chainguard/static@sha256:11ec91f0372630a2ca3764cea6325bebb0189a514084463cbb3724e5bb350d14</code> <p>The following key packages were pinned during the build process:</p> Package Name Version Build Base <code>1-r9</code> Perl <code>5.42.0-r2</code> Linux Headers <code>6.19.3-r0</code> Wget <code>1.25.0-r7</code> Ca Certificates <code>20251003-r3</code> Libstdc Plus Plus <code>15.2.0-r9</code> Zlib <code>1.3.2-r0</code> Tzdata <code>2025c-r0</code> Posix Libc Utils <code>2.43-r1</code> Pkgconf <code>2.5.1-r1</code> Pcre Dev <code>8.45-r7</code> Zlib Dev <code>1.3.2-r0</code> Bash <code>5.3-r5</code> Curl <code>8.18.0-r2</code> Jq <code>1.8.1-r3</code> Unzip <code>6.0-r5</code>"},{"location":"TEST_RESULTS/#teststest_01_core_policytestcorepolicyandintegritytest_default_provider_isolation","title":"\ud83d\udcc1 tests.test_01_core_policy.TestCorePolicyAndIntegrity#test_default_provider_isolation","text":"Status Test Case Duration \u2705 Verify Default Provider Blocking (Isolation Check)<sub>tests.test_01_core_policy.TestCorePolicyAndIntegrity#test_default_provider_isolation</sub> <code>212ms</code> \u2705 Verify Default Provider Blocking (Isolation Check)<sub>tests.test_01_core_policy.TestCorePolicyAndIntegrity#test_default_provider_isolation</sub> <code>229ms</code>"},{"location":"TEST_RESULTS/#teststest_01_core_policytestcorepolicyandintegritytest_fips_config_file_indicators","title":"\ud83d\udcc1 tests.test_01_core_policy.TestCorePolicyAndIntegrity#test_fips_config_file_indicators","text":"Status Test Case Duration \u2705 Verify FIPS Config File Indicators (fipsmodule.cnf)<sub>tests.test_01_core_policy.TestCorePolicyAndIntegrity#test_fips_config_file_indicators</sub> <code>1606ms</code> \u2705 Verify FIPS Config File Indicators (fipsmodule.cnf)<sub>tests.test_01_core_policy.TestCorePolicyAndIntegrity#test_fips_config_file_indicators</sub> <code>3233ms</code>"},{"location":"TEST_RESULTS/#teststest_01_core_policytestcorepolicyandintegritytest_mandatory_fips_property","title":"\ud83d\udcc1 tests.test_01_core_policy.TestCorePolicyAndIntegrity#test_mandatory_fips_property","text":"Status Test Case Duration \u2705 Verify Mandatory FIPS Property Enforcement<sub>tests.test_01_core_policy.TestCorePolicyAndIntegrity#test_mandatory_fips_property</sub> <code>215ms</code> \u2705 Verify Mandatory FIPS Property Enforcement<sub>tests.test_01_core_policy.TestCorePolicyAndIntegrity#test_mandatory_fips_property</sub> <code>202ms</code>"},{"location":"TEST_RESULTS/#teststest_01_core_policytestcorepolicyandintegritytest_operational_state_stability","title":"\ud83d\udcc1 tests.test_01_core_policy.TestCorePolicyAndIntegrity#test_operational_state_stability","text":"Status Test Case Duration \u2705 Verify FIPS Module Operational State Persistence<sub>tests.test_01_core_policy.TestCorePolicyAndIntegrity#test_operational_state_stability</sub> <code>197ms</code> \u2705 Verify FIPS Module Operational State Persistence<sub>tests.test_01_core_policy.TestCorePolicyAndIntegrity#test_operational_state_stability</sub> <code>210ms</code>"},{"location":"TEST_RESULTS/#teststest_01_core_policytestcorepolicyandintegritytest_provider_version_metadata","title":"\ud83d\udcc1 tests.test_01_core_policy.TestCorePolicyAndIntegrity#test_provider_version_metadata","text":"Status Test Case Duration \u2705 Verify FIPS Module Version &amp; Metadata<sub>tests.test_01_core_policy.TestCorePolicyAndIntegrity#test_provider_version_metadata</sub> <code>212ms</code> \u2705 Verify FIPS Module Version &amp; Metadata<sub>tests.test_01_core_policy.TestCorePolicyAndIntegrity#test_provider_version_metadata</sub> <code>197ms</code>"},{"location":"TEST_RESULTS/#teststest_02_hashing_and_digeststestmessagedigeststest_md5_execution_rejection","title":"\ud83d\udcc1 tests.test_02_hashing_and_digests.TestMessageDigests#test_md5_execution_rejection","text":"Status Test Case Duration \u2705 Verify MD5 Algorithm Rejection<sub>tests.test_02_hashing_and_digests.TestMessageDigests#test_md5_execution_rejection</sub> <code>204ms</code> \u2705 Verify MD5 Algorithm Rejection<sub>tests.test_02_hashing_and_digests.TestMessageDigests#test_md5_execution_rejection</sub> <code>199ms</code>"},{"location":"TEST_RESULTS/#teststest_02_hashing_and_digeststestmessagedigeststest_sha256_availability","title":"\ud83d\udcc1 tests.test_02_hashing_and_digests.TestMessageDigests#test_sha256_availability","text":"Status Test Case Duration \u2705 Verify SHA-256 Algorithm Availability<sub>tests.test_02_hashing_and_digests.TestMessageDigests#test_sha256_availability</sub> <code>198ms</code> \u2705 Verify SHA-256 Algorithm Availability<sub>tests.test_02_hashing_and_digests.TestMessageDigests#test_sha256_availability</sub> <code>204ms</code>"},{"location":"TEST_RESULTS/#teststest_02_hashing_and_digeststestmessagedigeststest_sha3_availability","title":"\ud83d\udcc1 tests.test_02_hashing_and_digests.TestMessageDigests#test_sha3_availability","text":"Status Test Case Duration \u2705 Verify SHA-3 Algorithm Availability<sub>tests.test_02_hashing_and_digests.TestMessageDigests#test_sha3_availability</sub> <code>203ms</code> \u2705 Verify SHA-3 Algorithm Availability<sub>tests.test_02_hashing_and_digests.TestMessageDigests#test_sha3_availability</sub> <code>203ms</code>"},{"location":"TEST_RESULTS/#teststest_02_hashing_and_digeststestmessagedigeststest_shake_xof_functionality","title":"\ud83d\udcc1 tests.test_02_hashing_and_digests.TestMessageDigests#test_shake_xof_functionality","text":"Status Test Case Duration \u2705 Verify SHAKE XOF Functionality<sub>tests.test_02_hashing_and_digests.TestMessageDigests#test_shake_xof_functionality</sub> <code>197ms</code> \u2705 Verify SHAKE XOF Functionality<sub>tests.test_02_hashing_and_digests.TestMessageDigests#test_shake_xof_functionality</sub> <code>198ms</code>"},{"location":"TEST_RESULTS/#teststest_03_symmetric_cipherstestaesencryptiontest_aes_cbc_known_answer","title":"\ud83d\udcc1 tests.test_03_symmetric_ciphers.TestAESEncryption#test_aes_cbc_known_answer","text":"Status Test Case Duration \u2705 Verify AES-CBC Functional Integrity (KAT)<sub>tests.test_03_symmetric_ciphers.TestAESEncryption#test_aes_cbc_known_answer</sub> <code>418ms</code> \u2705 Verify AES-CBC Functional Integrity (KAT)<sub>tests.test_03_symmetric_ciphers.TestAESEncryption#test_aes_cbc_known_answer</sub> <code>421ms</code>"},{"location":"TEST_RESULTS/#teststest_03_symmetric_cipherstestaesencryptiontest_aes_gcm_tag_length","title":"\ud83d\udcc1 tests.test_03_symmetric_ciphers.TestAESEncryption#test_aes_gcm_tag_length","text":"Status Test Case Duration \u2705 Verify AES-GCM Tag Length Restrictions<sub>tests.test_03_symmetric_ciphers.TestAESEncryption#test_aes_gcm_tag_length</sub> <code>202ms</code> \u2705 Verify AES-GCM Tag Length Restrictions<sub>tests.test_03_symmetric_ciphers.TestAESEncryption#test_aes_gcm_tag_length</sub> <code>214ms</code>"},{"location":"TEST_RESULTS/#teststest_03_symmetric_cipherstestaesencryptiontest_aes_key_unwrapping_allowed","title":"\ud83d\udcc1 tests.test_03_symmetric_ciphers.TestAESEncryption#test_aes_key_unwrapping_allowed","text":"Status Test Case Duration \u2705 Verify AES Key Unwrapping (AES-WRAP) Availability<sub>tests.test_03_symmetric_ciphers.TestAESEncryption#test_aes_key_unwrapping_allowed</sub> <code>202ms</code> \u2705 Verify AES Key Unwrapping (AES-WRAP) Availability<sub>tests.test_03_symmetric_ciphers.TestAESEncryption#test_aes_key_unwrapping_allowed</sub> <code>190ms</code>"},{"location":"TEST_RESULTS/#teststest_03_symmetric_cipherstestaesencryptiontest_aes_xts_duplicate_key_rejection","title":"\ud83d\udcc1 tests.test_03_symmetric_ciphers.TestAESEncryption#test_aes_xts_duplicate_key_rejection","text":"Status Test Case Duration \u2705 Verify AES-XTS Rejection of Duplicate Keys<sub>tests.test_03_symmetric_ciphers.TestAESEncryption#test_aes_xts_duplicate_key_rejection</sub> <code>209ms</code> \u2705 Verify AES-XTS Rejection of Duplicate Keys<sub>tests.test_03_symmetric_ciphers.TestAESEncryption#test_aes_xts_duplicate_key_rejection</sub> <code>196ms</code>"},{"location":"TEST_RESULTS/#teststest_03_symmetric_cipherstestaesencryptiontest_fips_cipher_list_integrity","title":"\ud83d\udcc1 tests.test_03_symmetric_ciphers.TestAESEncryption#test_fips_cipher_list_integrity","text":"Status Test Case Duration \u2705 Verify FIPS-Approved Cipher Algorithms<sub>tests.test_03_symmetric_ciphers.TestAESEncryption#test_fips_cipher_list_integrity</sub> <code>207ms</code> \u2705 Verify FIPS-Approved Cipher Algorithms<sub>tests.test_03_symmetric_ciphers.TestAESEncryption#test_fips_cipher_list_integrity</sub> <code>205ms</code>"},{"location":"TEST_RESULTS/#teststest_03_symmetric_cipherstestlegacycipherpoliciestest_3des_encryption_rejection","title":"\ud83d\udcc1 tests.test_03_symmetric_ciphers.TestLegacyCipherPolicies#test_3des_encryption_rejection","text":"Status Test Case Duration \u2705 Verify 3DES Encryption Rejection<sub>tests.test_03_symmetric_ciphers.TestLegacyCipherPolicies#test_3des_encryption_rejection</sub> <code>213ms</code> \u2705 Verify 3DES Encryption Rejection<sub>tests.test_03_symmetric_ciphers.TestLegacyCipherPolicies#test_3des_encryption_rejection</sub> <code>208ms</code>"},{"location":"TEST_RESULTS/#teststest_03_symmetric_cipherstestlegacycipherpoliciestest_des_algorithm_absence","title":"\ud83d\udcc1 tests.test_03_symmetric_ciphers.TestLegacyCipherPolicies#test_des_algorithm_absence","text":"Status Test Case Duration \u2705 Verify Absolute Absence of Single DES<sub>tests.test_03_symmetric_ciphers.TestLegacyCipherPolicies#test_des_algorithm_absence</sub> <code>214ms</code> \u2705 Verify Absolute Absence of Single DES<sub>tests.test_03_symmetric_ciphers.TestLegacyCipherPolicies#test_des_algorithm_absence</sub> <code>200ms</code>"},{"location":"TEST_RESULTS/#teststest_04_mac_integritytesthmacboundariestest_hmac_112bit_security_boundary","title":"\ud83d\udcc1 tests.test_04_mac_integrity.TestHMACBoundaries#test_hmac_112bit_security_boundary","text":"Status Test Case Duration \u274c Verify Precise 112-bit Security Boundary<sub>tests.test_04_mac_integrity.TestHMACBoundaries#test_hmac_112bit_security_boundary</sub> <code>202ms</code> \u274c Verify Precise 112-bit Security Boundary<sub>tests.test_04_mac_integrity.TestHMACBoundaries#test_hmac_112bit_security_boundary</sub> <code>200ms</code>"},{"location":"TEST_RESULTS/#failure-analysis-for-teststest_04_mac_integritytesthmacboundariestest_hmac_112bit_security_boundary","title":"\ud83d\udd3b Failure Analysis for tests.test_04_mac_integrity.TestHMACBoundaries#test_hmac_112bit_security_boundary","text":"<p>\ud83d\udd34 Verify Precise 112-bit Security Boundary</p> <pre><code>    Validates the exact transition point for HMAC security strength.  \n    Ensures that 104-bit keys are rejected and 112-bit keys are accepted   \n    under strict FIPS property queries.\n</code></pre> <p>Trace: <pre><code>tests/tests/test_04_mac_integrity.py:60: in test_hmac_112bit_security_boundary\n    assert result_104.returncode != 0, \"Compliance Failure: System accepted 104-bit key under FIPS query.\"\nE   AssertionError: Compliance Failure: System accepted 104-bit key under FIPS query.\nE   assert 0 != 0\nE    +  where 0 = CleanResult(returncode=0, stdout='AF310B4D5EAE49576A38C421DC3B8483E810491E0988BE623AA25C1CE7A91631\\n', stderr='').returncode\n</code></pre></p> <p>\ud83d\udd34 Verify Precise 112-bit Security Boundary</p> <pre><code>    Validates the exact transition point for HMAC security strength.  \n    Ensures that 104-bit keys are rejected and 112-bit keys are accepted   \n    under strict FIPS property queries.\n</code></pre> <p>Trace: <pre><code>tests/tests/test_04_mac_integrity.py:60: in test_hmac_112bit_security_boundary\n    assert result_104.returncode != 0, \"Compliance Failure: System accepted 104-bit key under FIPS query.\"\nE   AssertionError: Compliance Failure: System accepted 104-bit key under FIPS query.\nE   assert 0 != 0\nE    +  where 0 = CleanResult(returncode=0, stdout='AF310B4D5EAE49576A38C421DC3B8483E810491E0988BE623AA25C1CE7A91631\\n', stderr='').returncode\n</code></pre></p> <p></p>"},{"location":"TEST_RESULTS/#teststest_04_mac_integritytesthmacboundariestest_hmac_sha2_key_length_exhaustive","title":"\ud83d\udcc1 tests.test_04_mac_integrity.TestHMACBoundaries#test_hmac_sha2_key_length_exhaustive","text":"Status Test Case Duration \u274c Verify Rejection of Weak Keys across SHA-2 Family<sub>tests.test_04_mac_integrity.TestHMACBoundaries#test_hmac_sha2_key_length_exhaustive</sub> <code>823ms</code> \u274c Verify Rejection of Weak Keys across SHA-2 Family<sub>tests.test_04_mac_integrity.TestHMACBoundaries#test_hmac_sha2_key_length_exhaustive</sub> <code>801ms</code>"},{"location":"TEST_RESULTS/#failure-analysis-for-teststest_04_mac_integritytesthmacboundariestest_hmac_sha2_key_length_exhaustive","title":"\ud83d\udd3b Failure Analysis for tests.test_04_mac_integrity.TestHMACBoundaries#test_hmac_sha2_key_length_exhaustive","text":"<p>\ud83d\udd34 Verify Rejection of Weak Keys across SHA-2 Family</p> <pre><code>    Performs an exhaustive sweep across the SHA-2 digest family.  \n    Forces the use of the FIPS provider via property query.  \n    Validates that a sub-standard 8-bit key is rejected to meet FIPS 140-3 standards.\n</code></pre> <p>Trace: <pre><code>tests/tests/test_04_mac_integrity.py:39: in test_hmac_sha2_key_length_exhaustive\n    assert not failed_variants, f\"Compliance Failure: FIPS provider allowed weak 8-bit key for: {failed_variants}\"\nE   AssertionError: Compliance Failure: FIPS provider allowed weak 8-bit key for: ['SHA224', 'SHA256', 'SHA384', 'SHA512']\nE   assert not ['SHA224', 'SHA256', 'SHA384', 'SHA512']\n</code></pre></p> <p>\ud83d\udd34 Verify Rejection of Weak Keys across SHA-2 Family</p> <pre><code>    Performs an exhaustive sweep across the SHA-2 digest family.  \n    Forces the use of the FIPS provider via property query.  \n    Validates that a sub-standard 8-bit key is rejected to meet FIPS 140-3 standards.\n</code></pre> <p>Trace: <pre><code>tests/tests/test_04_mac_integrity.py:39: in test_hmac_sha2_key_length_exhaustive\n    assert not failed_variants, f\"Compliance Failure: FIPS provider allowed weak 8-bit key for: {failed_variants}\"\nE   AssertionError: Compliance Failure: FIPS provider allowed weak 8-bit key for: ['SHA224', 'SHA256', 'SHA384', 'SHA512']\nE   assert not ['SHA224', 'SHA256', 'SHA384', 'SHA512']\n</code></pre></p> <p></p>"},{"location":"TEST_RESULTS/#teststest_04_mac_integritytestmodernmacstest_cmac_aes_key_policy","title":"\ud83d\udcc1 tests.test_04_mac_integrity.TestModernMACs#test_cmac_aes_key_policy","text":"Status Test Case Duration \u2705 Verify CMAC-AES Key Strength Enforcement<sub>tests.test_04_mac_integrity.TestModernMACs#test_cmac_aes_key_policy</sub> <code>205ms</code> \u2705 Verify CMAC-AES Key Strength Enforcement<sub>tests.test_04_mac_integrity.TestModernMACs#test_cmac_aes_key_policy</sub> <code>199ms</code>"},{"location":"TEST_RESULTS/#teststest_04_mac_integritytestmodernmacstest_kmac_sha3_strength","title":"\ud83d\udcc1 tests.test_04_mac_integrity.TestModernMACs#test_kmac_sha3_strength","text":"Status Test Case Duration \u2705 Verify KMAC-SHA3 Security Strength<sub>tests.test_04_mac_integrity.TestModernMACs#test_kmac_sha3_strength</sub> <code>211ms</code> \u2705 Verify KMAC-SHA3 Security Strength<sub>tests.test_04_mac_integrity.TestModernMACs#test_kmac_sha3_strength</sub> <code>207ms</code>"},{"location":"TEST_RESULTS/#teststest_04_mac_integritytestmodernmacstest_sp800_108_counter_kdf","title":"\ud83d\udcc1 tests.test_04_mac_integrity.TestModernMACs#test_sp800_108_counter_kdf","text":"Status Test Case Duration \u2705 Verify SP 800-108 Counter Mode KDF Integrity<sub>tests.test_04_mac_integrity.TestModernMACs#test_sp800_108_counter_kdf</sub> <code>416ms</code> \u2705 Verify SP 800-108 Counter Mode KDF Integrity<sub>tests.test_04_mac_integrity.TestModernMACs#test_sp800_108_counter_kdf</sub> <code>400ms</code>"},{"location":"TEST_RESULTS/#teststest_04_mac_integritytestmodernmacstest_sp800_108_feedback_kdf","title":"\ud83d\udcc1 tests.test_04_mac_integrity.TestModernMACs#test_sp800_108_feedback_kdf","text":"Status Test Case Duration \u2705 Verify SP 800-108 Feedback Mode KDF Integrity<sub>tests.test_04_mac_integrity.TestModernMACs#test_sp800_108_feedback_kdf</sub> <code>204ms</code> \u2705 Verify SP 800-108 Feedback Mode KDF Integrity<sub>tests.test_04_mac_integrity.TestModernMACs#test_sp800_108_feedback_kdf</sub> <code>201ms</code>"},{"location":"TEST_RESULTS/#teststest_05_asymmetric_and_pqctesteccandsignaturestest_ecdh_key_derivation_raw","title":"\ud83d\udcc1 tests.test_05_asymmetric_and_pqc.TestECCAndSignatures#test_ecdh_key_derivation_raw","text":"Status Test Case Duration \u2705 Verify ECDH Raw Key Derivation (NIST P-384)<sub>tests.test_05_asymmetric_and_pqc.TestECCAndSignatures#test_ecdh_key_derivation_raw</sub> <code>845ms</code> \u2705 Verify ECDH Raw Key Derivation (NIST P-384)<sub>tests.test_05_asymmetric_and_pqc.TestECCAndSignatures#test_ecdh_key_derivation_raw</sub> <code>831ms</code>"},{"location":"TEST_RESULTS/#teststest_05_asymmetric_and_pqctesteccandsignaturestest_ecdsa_p384_signing_flow","title":"\ud83d\udcc1 tests.test_05_asymmetric_and_pqc.TestECCAndSignatures#test_ecdsa_p384_signing_flow","text":"Status Test Case Duration \u2705 Verify ECDSA P-384 Functional Integrity<sub>tests.test_05_asymmetric_and_pqc.TestECCAndSignatures#test_ecdsa_p384_signing_flow</sub> <code>426ms</code> \u2705 Verify ECDSA P-384 Functional Integrity<sub>tests.test_05_asymmetric_and_pqc.TestECCAndSignatures#test_ecdsa_p384_signing_flow</sub> <code>424ms</code>"},{"location":"TEST_RESULTS/#teststest_05_asymmetric_and_pqctesteccandsignaturestest_md5_signature_verification_rejection","title":"\ud83d\udcc1 tests.test_05_asymmetric_and_pqc.TestECCAndSignatures#test_md5_signature_verification_rejection","text":"Status Test Case Duration \u2705 Verify Rejection of MD5 for Digital Signatures<sub>tests.test_05_asymmetric_and_pqc.TestECCAndSignatures#test_md5_signature_verification_rejection</sub> <code>201ms</code> \u2705 Verify Rejection of MD5 for Digital Signatures<sub>tests.test_05_asymmetric_and_pqc.TestECCAndSignatures#test_md5_signature_verification_rejection</sub> <code>204ms</code>"},{"location":"TEST_RESULTS/#teststest_05_asymmetric_and_pqctesteccandsignaturestest_strict_block_legacy_curves_and_algos","title":"\ud83d\udcc1 tests.test_05_asymmetric_and_pqc.TestECCAndSignatures#test_strict_block_legacy_curves_and_algos","text":"Status Test Case Duration \u274c Verify Rejection of Non-Approved Curves (Ed25519/X25519/Ed448)<sub>tests.test_05_asymmetric_and_pqc.TestECCAndSignatures#test_strict_block_legacy_curves_and_algos</sub> <code>1034ms</code> \u274c Verify Rejection of Non-Approved Curves (Ed25519/X25519/Ed448)<sub>tests.test_05_asymmetric_and_pqc.TestECCAndSignatures#test_strict_block_legacy_curves_and_algos</sub> <code>1041ms</code>"},{"location":"TEST_RESULTS/#failure-analysis-for-teststest_05_asymmetric_and_pqctesteccandsignaturestest_strict_block_legacy_curves_and_algos","title":"\ud83d\udd3b Failure Analysis for tests.test_05_asymmetric_and_pqc.TestECCAndSignatures#test_strict_block_legacy_curves_and_algos","text":"<p>\ud83d\udd34 Verify Rejection of Non-Approved Curves (Ed25519/X25519/Ed448)</p> <pre><code>    Validates the isolation of non-approved asymmetric algorithms.  \n    Includes a detailed debug phase to list all algorithms claiming FIPS compliance.\n</code></pre> <p>Trace: <pre><code>tests/tests/test_05_asymmetric_and_pqc.py:227: in test_strict_block_legacy_curves_and_algos\n    assert not failed_blocks, \\\nE   AssertionError: Security Policy Violation: The following algorithms were PERMITTED in FIPS mode: ['X25519']. Check Debug Logs.\nE   assert not ['X25519']\n</code></pre></p> <p>\ud83d\udd34 Verify Rejection of Non-Approved Curves (Ed25519/X25519/Ed448)</p> <pre><code>    Validates the isolation of non-approved asymmetric algorithms.  \n    Includes a detailed debug phase to list all algorithms claiming FIPS compliance.\n</code></pre> <p>Trace: <pre><code>tests/tests/test_05_asymmetric_and_pqc.py:227: in test_strict_block_legacy_curves_and_algos\n    assert not failed_blocks, \\\nE   AssertionError: Security Policy Violation: The following algorithms were PERMITTED in FIPS mode: ['X25519']. Check Debug Logs.\nE   assert not ['X25519']\n</code></pre></p> <p></p>"},{"location":"TEST_RESULTS/#teststest_05_asymmetric_and_pqctestpostquantumisolationtest_ml_kem_isolation_in_fips","title":"\ud83d\udcc1 tests.test_05_asymmetric_and_pqc.TestPostQuantumIsolation#test_ml_kem_isolation_in_fips","text":"Status Test Case Duration \u2705 Verify Isolation of ML-KEM (Kyber) from FIPS Boundary<sub>tests.test_05_asymmetric_and_pqc.TestPostQuantumIsolation#test_ml_kem_isolation_in_fips</sub> <code>199ms</code> \u2705 Verify Isolation of ML-KEM (Kyber) from FIPS Boundary<sub>tests.test_05_asymmetric_and_pqc.TestPostQuantumIsolation#test_ml_kem_isolation_in_fips</sub> <code>203ms</code>"},{"location":"TEST_RESULTS/#teststest_05_asymmetric_and_pqctestrsaoperationstest_rsa_keygen_2048_compliance","title":"\ud83d\udcc1 tests.test_05_asymmetric_and_pqc.TestRSAOperations#test_rsa_keygen_2048_compliance","text":"Status Test Case Duration \u2705 Verify RSA 2048-bit Compliance<sub>tests.test_05_asymmetric_and_pqc.TestRSAOperations#test_rsa_keygen_2048_compliance</sub> <code>254ms</code> \u2705 Verify RSA 2048-bit Compliance<sub>tests.test_05_asymmetric_and_pqc.TestRSAOperations#test_rsa_keygen_2048_compliance</sub> <code>250ms</code>"},{"location":"TEST_RESULTS/#teststest_05_asymmetric_and_pqctestrsaoperationstest_rsa_keygen_weak_rejection","title":"\ud83d\udcc1 tests.test_05_asymmetric_and_pqc.TestRSAOperations#test_rsa_keygen_weak_rejection","text":"Status Test Case Duration \u2705 Verify Rejection of Weak RSA 1024-bit Keys<sub>tests.test_05_asymmetric_and_pqc.TestRSAOperations#test_rsa_keygen_weak_rejection</sub> <code>194ms</code> \u2705 Verify Rejection of Weak RSA 1024-bit Keys<sub>tests.test_05_asymmetric_and_pqc.TestRSAOperations#test_rsa_keygen_weak_rejection</sub> <code>196ms</code>"},{"location":"TEST_RESULTS/#teststest_05_asymmetric_and_pqctestrsaoperationstest_rsa_large_modulus_support","title":"\ud83d\udcc1 tests.test_05_asymmetric_and_pqc.TestRSAOperations#test_rsa_large_modulus_support","text":"Status Test Case Duration \u2705 Verify Support for Large RSA Modulus (4096-bit)<sub>tests.test_05_asymmetric_and_pqc.TestRSAOperations#test_rsa_large_modulus_support</sub> <code>479ms</code> \u2705 Verify Support for Large RSA Modulus (4096-bit)<sub>tests.test_05_asymmetric_and_pqc.TestRSAOperations#test_rsa_large_modulus_support</sub> <code>368ms</code>"},{"location":"TEST_RESULTS/#teststest_05_asymmetric_and_pqctestrsaoperationstest_rsa_pss_padding_signature","title":"\ud83d\udcc1 tests.test_05_asymmetric_and_pqc.TestRSAOperations#test_rsa_pss_padding_signature","text":"Status Test Case Duration \u2705 Verify RSA-PSS Signature and Verification Integrity<sub>tests.test_05_asymmetric_and_pqc.TestRSAOperations#test_rsa_pss_padding_signature</sub> <code>721ms</code> \u2705 Verify RSA-PSS Signature and Verification Integrity<sub>tests.test_05_asymmetric_and_pqc.TestRSAOperations#test_rsa_pss_padding_signature</sub> <code>775ms</code>"},{"location":"TEST_RESULTS/#teststest_06_architecture_compliancetestsystemintegritytest_container_user_security","title":"\ud83d\udcc1 tests.test_06_architecture_compliance.TestSystemIntegrity#test_container_user_security","text":"Status Test Case Duration \u2705 Verify Non-Root User Execution Enforcement<sub>tests.test_06_architecture_compliance.TestSystemIntegrity#test_container_user_security</sub> <code>16ms</code> \u2705 Verify Non-Root User Execution Enforcement<sub>tests.test_06_architecture_compliance.TestSystemIntegrity#test_container_user_security</sub> <code>16ms</code>"},{"location":"TEST_RESULTS/#teststest_06_architecture_compliancetestsystemintegritytest_drbg_functionality","title":"\ud83d\udcc1 tests.test_06_architecture_compliance.TestSystemIntegrity#test_drbg_functionality","text":"Status Test Case Duration \u2705 Verify FIPS DRBG Functional Integrity<sub>tests.test_06_architecture_compliance.TestSystemIntegrity#test_drbg_functionality</sub> <code>207ms</code> \u2705 Verify FIPS DRBG Functional Integrity<sub>tests.test_06_architecture_compliance.TestSystemIntegrity#test_drbg_functionality</sub> <code>205ms</code>"},{"location":"TEST_RESULTS/#teststest_06_architecture_compliancetestsystemintegritytest_entropy_source_validation","title":"\ud83d\udcc1 tests.test_06_architecture_compliance.TestSystemIntegrity#test_entropy_source_validation","text":"Status Test Case Duration \u2705 Verify Entropy Source Authority &amp; FIPS Provider Priority<sub>tests.test_06_architecture_compliance.TestSystemIntegrity#test_entropy_source_validation</sub> <code>202ms</code> \u2705 Verify Entropy Source Authority &amp; FIPS Provider Priority<sub>tests.test_06_architecture_compliance.TestSystemIntegrity#test_entropy_source_validation</sub> <code>201ms</code>"},{"location":"TEST_RESULTS/#teststest_06_architecture_compliancetestsystemintegritytest_legacy_engines_absence","title":"\ud83d\udcc1 tests.test_06_architecture_compliance.TestSystemIntegrity#test_legacy_engines_absence","text":"Status Test Case Duration \u2705 Verify Absence of Legacy Cryptographic Engines<sub>tests.test_06_architecture_compliance.TestSystemIntegrity#test_legacy_engines_absence</sub> <code>212ms</code> \u2705 Verify Absence of Legacy Cryptographic Engines<sub>tests.test_06_architecture_compliance.TestSystemIntegrity#test_legacy_engines_absence</sub> <code>212ms</code>"},{"location":"TEST_RESULTS/#teststest_06_architecture_compliancetestsystemintegritytest_pbkdf2_derivation","title":"\ud83d\udcc1 tests.test_06_architecture_compliance.TestSystemIntegrity#test_pbkdf2_derivation","text":"Status Test Case Duration \u2705 Verify PBKDF2 Derivation with FIPS Approved Digest<sub>tests.test_06_architecture_compliance.TestSystemIntegrity#test_pbkdf2_derivation</sub> <code>205ms</code> \u2705 Verify PBKDF2 Derivation with FIPS Approved Digest<sub>tests.test_06_architecture_compliance.TestSystemIntegrity#test_pbkdf2_derivation</sub> <code>207ms</code>"},{"location":"TEST_RESULTS/#teststest_11_network_tlstestadvancedfipsnetworkcompliancetest_fips_approved_key_exchange_negotiation","title":"\ud83d\udcc1 tests.test_11_network_tls.TestAdvancedFIPSNetworkCompliance#test_fips_approved_key_exchange_negotiation","text":"Status Test Case Duration \u2705 Verify Exclusive Use of FIPS-Approved Elliptic Curves for Key Exchange<sub>tests.test_11_network_tls.TestAdvancedFIPSNetworkCompliance#test_fips_approved_key_exchange_negotiation</sub> <code>15260ms</code> \u2705 Verify Exclusive Use of FIPS-Approved Elliptic Curves for Key Exchange<sub>tests.test_11_network_tls.TestAdvancedFIPSNetworkCompliance#test_fips_approved_key_exchange_negotiation</sub> <code>15250ms</code>"},{"location":"TEST_RESULTS/#teststest_11_network_tlstestadvancedfipsnetworkcompliancetest_rejection_of_sha1_certificate_signature","title":"\ud83d\udcc1 tests.test_11_network_tls.TestAdvancedFIPSNetworkCompliance#test_rejection_of_sha1_certificate_signature","text":"Status Test Case Duration \u2705 Verify Rejection of Certificates with Non-Approved Signature Hashes (SHA-1)<sub>tests.test_11_network_tls.TestAdvancedFIPSNetworkCompliance#test_rejection_of_sha1_certificate_signature</sub> <code>463ms</code> \u2705 Verify Rejection of Certificates with Non-Approved Signature Hashes (SHA-1)<sub>tests.test_11_network_tls.TestAdvancedFIPSNetworkCompliance#test_rejection_of_sha1_certificate_signature</sub> <code>475ms</code>"},{"location":"TEST_RESULTS/#teststest_11_network_tlstestadvancedfipsnetworkcompliancetest_secure_tls13_session_resumption","title":"\ud83d\udcc1 tests.test_11_network_tls.TestAdvancedFIPSNetworkCompliance#test_secure_tls13_session_resumption","text":"Status Test Case Duration \u2705 Verify Secure TLS 1.3 Session Resumption with PSK<sub>tests.test_11_network_tls.TestAdvancedFIPSNetworkCompliance#test_secure_tls13_session_resumption</sub> <code>30521ms</code> \u2705 Verify Secure TLS 1.3 Session Resumption with PSK<sub>tests.test_11_network_tls.TestAdvancedFIPSNetworkCompliance#test_secure_tls13_session_resumption</sub> <code>30514ms</code>"},{"location":"TEST_RESULTS/#teststest_11_network_tlstestnetworkandtlstest_certificate_parsing","title":"\ud83d\udcc1 tests.test_11_network_tls.TestNetworkAndTLS#test_certificate_parsing","text":"Status Test Case Duration \u2705 Verify X.509 Certificate Parsing &amp; Structural Integrity<sub>tests.test_11_network_tls.TestNetworkAndTLS#test_certificate_parsing</sub> <code>214ms</code> \u2705 Verify X.509 Certificate Parsing &amp; Structural Integrity<sub>tests.test_11_network_tls.TestNetworkAndTLS#test_certificate_parsing</sub> <code>214ms</code>"},{"location":"TEST_RESULTS/#teststest_11_network_tlstestnetworkandtlstest_cipher_suite_enforcement","title":"\ud83d\udcc1 tests.test_11_network_tls.TestNetworkAndTLS#test_cipher_suite_enforcement","text":"Status Test Case Duration \u2705 Verify Mandatory FIPS-Approved Cipher Suite Enforcement<sub>tests.test_11_network_tls.TestNetworkAndTLS#test_cipher_suite_enforcement</sub> <code>261ms</code> \u2705 Verify Mandatory FIPS-Approved Cipher Suite Enforcement<sub>tests.test_11_network_tls.TestNetworkAndTLS#test_cipher_suite_enforcement</sub> <code>255ms</code>"},{"location":"TEST_RESULTS/#teststest_11_network_tlstestnetworkandtlstest_dns_resolution","title":"\ud83d\udcc1 tests.test_11_network_tls.TestNetworkAndTLS#test_dns_resolution","text":"Status Test Case Duration \u2705 Verify DNS Resolution and Libc Integration<sub>tests.test_11_network_tls.TestNetworkAndTLS#test_dns_resolution</sub> <code>253ms</code> \u2705 Verify DNS Resolution and Libc Integration<sub>tests.test_11_network_tls.TestNetworkAndTLS#test_dns_resolution</sub> <code>263ms</code>"},{"location":"TEST_RESULTS/#teststest_11_network_tlstestnetworkandtlstest_integrity_check_tampering","title":"\ud83d\udcc1 tests.test_11_network_tls.TestNetworkAndTLS#test_integrity_check_tampering","text":"Status Test Case Duration \u2705 Verify FIPS Provider Rejection on Configuration Tampering<sub>tests.test_11_network_tls.TestNetworkAndTLS#test_integrity_check_tampering</sub> <code>417ms</code> \u2705 Verify FIPS Provider Rejection on Configuration Tampering<sub>tests.test_11_network_tls.TestNetworkAndTLS#test_integrity_check_tampering</sub> <code>398ms</code>"},{"location":"TEST_RESULTS/#teststest_11_network_tlstestnetworkandtlstest_non_fips_cipher_rejection_over_network","title":"\ud83d\udcc1 tests.test_11_network_tls.TestNetworkAndTLS#test_non_fips_cipher_rejection_over_network","text":"Status Test Case Duration \u2705 Verify Rejection of Non-FIPS Ciphers in TLS Handshake<sub>tests.test_11_network_tls.TestNetworkAndTLS#test_non_fips_cipher_rejection_over_network</sub> <code>201ms</code> \u2705 Verify Rejection of Non-FIPS Ciphers in TLS Handshake<sub>tests.test_11_network_tls.TestNetworkAndTLS#test_non_fips_cipher_rejection_over_network</sub> <code>208ms</code>"},{"location":"TEST_RESULTS/#teststest_11_network_tlstestnetworkandtlstest_tcp_connectivity","title":"\ud83d\udcc1 tests.test_11_network_tls.TestNetworkAndTLS#test_tcp_connectivity","text":"Status Test Case Duration \u2705 Verify Raw TCP/IP Socket Connectivity<sub>tests.test_11_network_tls.TestNetworkAndTLS#test_tcp_connectivity</sub> <code>243ms</code> \u2705 Verify Raw TCP/IP Socket Connectivity<sub>tests.test_11_network_tls.TestNetworkAndTLS#test_tcp_connectivity</sub> <code>240ms</code>"},{"location":"TEST_RESULTS/#teststest_11_network_tlstestnetworkandtlstest_tls_legacy_protocol_blocking","title":"\ud83d\udcc1 tests.test_11_network_tls.TestNetworkAndTLS#test_tls_legacy_protocol_blocking","text":"Status Test Case Duration \u2705 Verify Blocking of Insecure TLS 1.0/1.1 Protocols<sub>tests.test_11_network_tls.TestNetworkAndTLS#test_tls_legacy_protocol_blocking</sub> <code>228ms</code> \u2705 Verify Blocking of Insecure TLS 1.0/1.1 Protocols<sub>tests.test_11_network_tls.TestNetworkAndTLS#test_tls_legacy_protocol_blocking</sub> <code>229ms</code> <p>Automated by scripts/generate_docs_tests.py</p>"},{"location":"architecture/","title":"Supply Chain Security (SLSA L3)","text":"<p>In the era of software supply chain attacks (like SolarWinds), trusting a binary is no longer enough. You must verify its provenance. </p> <p>This project implements a SLSA Level 3 (Supply-chain Levels for Software Artifacts) compliant build pipeline. This guarantees that the artifact you deploy was built from the source code you see, by the builder you trust, in a tamper-evident environment.</p>"},{"location":"architecture/#the-hermetic-build-pipeline","title":"The Hermetic Build Pipeline","text":"<p>Our build process is hermetic, meaning it runs in an isolated environment with no network access during the compilation phase (except for explicitly defined inputs).</p> <ul> <li> Pinned Dependencies: All base images and packages are pinned by SHA256 digest in <code>versions.hcl</code>. We do not use mutable tags like <code>:latest</code> in production builds.</li> <li> Ephemeral Environments: Every build runs on a fresh, ephemeral GitHub Actions runner that is destroyed immediately after use.</li> <li> OIDC Identity: The builder authenticates itself using OpenID Connect (OIDC) to Sigstore, binding the artifact to the specific workflow run and git commit.</li> </ul>"},{"location":"architecture/#attestation-verification","title":"Attestation &amp; Verification","text":"<p>Every image pushed to the registry is accompanied by a cryptographic attestation bundle.</p>"},{"location":"architecture/#1-provenance-how-it-was-built","title":"1. Provenance (How it was built)","text":"<p>The provenance attestation describes the builder, the source code repository, the commit SHA, and the build instructions.</p> <ul> <li>Builder ID: <code>https://github.com/slsa-framework/slsa-github-generator</code></li> <li>Build Type: <code>https://github.com/slsa-framework/slsa-github-generator/container@v1</code></li> </ul>"},{"location":"architecture/#2-sbom-what-is-inside","title":"2. SBOM (What is inside)","text":"<p>We generate a Software Bill of Materials (SBOM) in CycloneDX format for every image. This lists every package, library, and file inside the container, allowing for automated vulnerability scanning.</p> Artifact Variant Provenance Link SBOM Link Distroless  View Attestation  Download CycloneDX Standard  View Attestation  Download CycloneDX Development  View Attestation  Download CycloneDX"},{"location":"architecture/#verifying-artifacts","title":"Verifying Artifacts","text":"<p>You can verify the integrity and provenance of our images using <code>cosign</code>. This ensures the image has not been tampered with since it left our CI pipeline.</p> <pre><code># verify the image signature and identity\ncosign verify \\\n  --certificate-identity-regexp \"^https://github.com/taha2samy/.*\" \\\n  --certificate-oidc-issuer \"https://token.actions.githubusercontent.com\" \\\n  ghcr.io/taha2samy/wolfi-openssl-fips:3.5.5\n</code></pre> <p>Verification Guarantee</p> <p>A successful verification proves that:</p> <ol> <li>The image was built by GitHub Actions.</li> <li>The source code came from {{ repo_url }}.</li> <li>The build was triggered by a trusted workflow.</li> </ol>"},{"location":"architecture/supply-chain/","title":"\ud83c\udfdb\ufe0f System Architecture &amp; Integrity","text":"<p>Our build pipeline enforces a strict cryptographic boundary, ensuring that the FIPS 140-3 module is correctly installed, initialized, and protected from tampering.</p> <p>We rely on a Hermetic Build philosophy. This means zero external dependencies at build time, byte-for-byte reproducibility, and SLSA Level 3 provenance.</p>"},{"location":"architecture/supply-chain/#the-cryptographic-boundary","title":"The Cryptographic Boundary","text":"<p>The following architecture diagram illustrates the flow from trusted source ingestion down to the attested deployment artifacts. </p> <pre><code>graph TD\n    %% Global Styles - High Contrast Palette (No White / No Black)\n    classDef trusted fill:#009688,stroke:#004d40,stroke-width:2px,color:#ffffff;\n    classDef boundary fill:#ff9800,stroke:#e65100,stroke-width:2px,stroke-dasharray: 6 4,color:#1a1a1a;\n    classDef attest fill:#3f51b5,stroke:#1a237e,stroke-width:2px,color:#ffffff;\n    classDef artifact fill:#e91e63,stroke:#880e4f,stroke-width:2px,color:#ffffff;\n\n    subgraph Pipeline [\"01. Trusted Ingestion Layer\"]\n        A[Wolfi Base Image&lt;br/&gt;'cgr.dev/chainguard']:::trusted\n        B[OpenSSL Core 3.5.5&lt;br/&gt;Source Code]:::trusted\n        C[FIPS Module 3.1.2&lt;br/&gt;Validated Source]:::trusted\n    end\n\n    subgraph FIPS_Boundary [\"02. FIPS 140-3 Cryptographic Boundary\"]\n        D[Compilation &amp; Static Linking]\n        E[fipsinstall Protocol]\n        F{Integrity Self-Tests&lt;br/&gt;POST / KAT}\n\n        D --&gt; E\n        E --&gt; F\n    end\n\n    subgraph Security_Audit [\"03. Attestation &amp; Supply Chain\"]\n        G[SBOM Generation&lt;br/&gt;'CycloneDX']:::attest\n        H[Cosign Keyless Signing&lt;br/&gt;'Sigstore/OIDC']:::attest\n        I[SLSA Provenance&lt;br/&gt;'Level 3']:::attest\n    end\n\n    subgraph Artifacts [\"04. Attested Artifacts\"]\n        J[Standard Image&lt;br/&gt;'Full Shell']:::artifact\n        K[Distroless Image&lt;br/&gt;'Static Binary']:::artifact\n    end\n\n    %% Connections\n    Pipeline --&gt;|Integrity Check| FIPS_Boundary\n    FIPS_Boundary --&gt;|Validated MAC| Security_Audit\n    Security_Audit --&gt; J\n    Security_Audit --&gt; K\n\n    %% Styling Labels\n    F -- Passed --&gt; Security_Audit\n    F -- Failed --&gt; L[Build Aborted]\n    style L fill:#f44336,stroke:#b71c1c,color:#ffffff\n\n    class FIPS_Boundary boundary</code></pre> <p>Runtime Integrity Check (FIPS POST)</p> <p>The FIPS POST (Power-On Self-Test) happens automatically on startup. If the <code>.so</code> binary is tampered with, the MAC verification fails and the container halts immediately.</p>"},{"location":"architecture/supply-chain/#deployment-variants","title":"Deployment Variants","text":"<p>We provide specialized variants optimized for security and operational flexibility.</p> Variant Image Tag Base OS Intended Use Case Standard <code>3.5.5</code> Wolfi Includes shell (<code>/bin/bash</code>) for debugging and CI pipelines. Distroless <code>3.5.5-distroless</code> Static No shell/manager. Pure cryptographic engine for production. Development <code>3.5.5-dev</code> Wolfi (Dev) Includes build tools (<code>gcc</code>, <code>make</code>) for compiling apps."},{"location":"performance/benchmarks/","title":"Macro Rendering Error","text":"<p>File: <code>performance/benchmarks.md</code></p> <p>UndefinedError: 'super_collections.SuperDict object' has no attribute 'metrics'</p> <pre><code>Traceback (most recent call last):\n  File \"/home/runner/.local/share/virtualenvs/openssl_fips-jGxgPdxG/lib/python3.13/site-packages/mkdocs_macros/plugin.py\", line 703, in render\n    return md_template.render(**page_variables)\n           ~~~~~~~~~~~~~~~~~~^^^^^^^^^^^^^^^^^^\n  File \"/home/runner/.local/share/virtualenvs/openssl_fips-jGxgPdxG/lib/python3.13/site-packages/jinja2/environment.py\", line 1295, in render\n    self.environment.handle_exception()\n    ~~~~~~~~~~~~~~~~~~~~~~~~~~~~~~~~~^^\n  File \"/home/runner/.local/share/virtualenvs/openssl_fips-jGxgPdxG/lib/python3.13/site-packages/jinja2/environment.py\", line 942, in handle_exception\n    raise rewrite_traceback_stack(source=source)\n  File \"&lt;template&gt;\", line 9, in top-level template code\n  File \"/home/runner/.local/share/virtualenvs/openssl_fips-jGxgPdxG/lib/python3.13/site-packages/jinja2/environment.py\", line 471, in getitem\n    return obj[argument]\n           ~~~^^^^^^^^^^\njinja2.exceptions.UndefinedError: 'super_collections.SuperDict object' has no attribute 'metrics'\n</code></pre>"}]}